<?xml version="1.0" encoding="UTF-8"?>
<testsuite name="test2"
           tests="3"
           failures="1"
           errors="0"
           skipped="0"
           time="27,347">
  <properties />
            <testcase name="testM1" time="10,333" classname="testParallel">
                <failure type="com.codeborne.selenide.ex.ElementShould"
                  message="Element should have text &apos;Резульатов&apos; {#resultStats}
Element: &apos;&lt;div id=&quot;resultStats&quot;&gt;Результатов: примерно 2 790 000 (0,37 сек.) &lt;/div&gt;&apos;"
              >
<![CDATA[Element should have text 'Резульатов' {#resultStats}
Element: '<div id="resultStats">Результатов: примерно 2 790 000 (0,37 сек.) </div>'
Screenshot: file:/D:/ProgrammingTasks/TestSelenid1_7/build/reports/tests/1524005917201.1.png
Timeout: 4 s.
  com.codeborne.selenide.impl.WebElementSource.checkCondition(WebElementSource.java:66)
  com.codeborne.selenide.commands.Should.should(Should.java:35)
  com.codeborne.selenide.commands.Should.execute(Should.java:29)
  com.codeborne.selenide.commands.Should.execute(Should.java:12)
  com.codeborne.selenide.commands.Commands.execute(Commands.java:139)
  com.codeborne.selenide.impl.SelenideElementProxy.dispatchAndRetry(SelenideElementProxy.java:86)
  com.codeborne.selenide.impl.SelenideElementProxy.invoke(SelenideElementProxy.java:62)
  com.sun.proxy.$Proxy5.shouldHave(Unknown Source)
  testParallel.testM1(testParallel.java:65)
  sun.reflect.NativeMethodAccessorImpl.invoke0(Native Method)
  sun.reflect.NativeMethodAccessorImpl.invoke(NativeMethodAccessorImpl.java:62)
  sun.reflect.DelegatingMethodAccessorImpl.invoke(DelegatingMethodAccessorImpl.java:43)
  java.lang.reflect.Method.invoke(Method.java:498)
  org.testng.internal.MethodInvocationHelper.invokeMethod(MethodInvocationHelper.java:124)
  org.testng.internal.Invoker.invokeMethod(Invoker.java:580)
  org.testng.internal.Invoker.invokeTestMethod(Invoker.java:716)
  org.testng.internal.Invoker.invokeTestMethods(Invoker.java:988)
  org.testng.internal.TestMethodWorker.invokeTestMethods(TestMethodWorker.java:125)
  org.testng.internal.TestMethodWorker.run(TestMethodWorker.java:109)
  org.testng.TestRunner.privateRun(TestRunner.java:648)
  org.testng.TestRunner.run(TestRunner.java:505)
  org.testng.SuiteRunner.runTest(SuiteRunner.java:455)
  org.testng.SuiteRunner.access$000(SuiteRunner.java:40)
  org.testng.SuiteRunner$SuiteWorker.run(SuiteRunner.java:489)
  org.testng.internal.thread.ThreadUtil$1.call(ThreadUtil.java:52)
  java.util.concurrent.FutureTask.run(FutureTask.java:266)
  java.util.concurrent.ThreadPoolExecutor.runWorker(ThreadPoolExecutor.java:1142)
  java.util.concurrent.ThreadPoolExecutor$Worker.run(ThreadPoolExecutor.java:617)
  java.lang.Thread.run(Thread.java:745)
]]>
      </failure>

          </testcase>
  
  
            <testcase name="testM" time="9,735" classname="testParallel" />
                <testcase name="testM2" time="7,279" classname="testParallel" />
      
</testsuite>
